{
  error: Error: Cannot find module '../build/Release/zmq.node'
  Require stack:
  - /home/nima/p/aliamiri/Mizaan/ledger_sync/node_modules/zeromq/lib/index.js
  - /home/nima/p/aliamiri/Mizaan/ledger_sync/node_modules/zeromq/index.js
  - /home/nima/p/aliamiri/Mizaan/ledger_sync/node_modules/sawtooth-sdk/messaging/stream.js
  - /home/nima/p/aliamiri/Mizaan/ledger_sync/subscriber/index.js
  - /home/nima/p/aliamiri/Mizaan/ledger_sync/index.js
      at Function.Module._resolveFilename (internal/modules/cjs/loader.js:965:15)
      at Function.Module._load (internal/modules/cjs/loader.js:841:27)
      at Module.require (internal/modules/cjs/loader.js:1025:19)
      at require (internal/modules/cjs/helpers.js:72:18)
      at Object.<anonymous> (/home/nima/p/aliamiri/Mizaan/ledger_sync/node_modules/zeromq/lib/index.js:6:11)
      at Module._compile (internal/modules/cjs/loader.js:1137:30)
      at Object.Module._extensions..js (internal/modules/cjs/loader.js:1157:10)
      at Module.load (internal/modules/cjs/loader.js:985:32)
      at Function.Module._load (internal/modules/cjs/loader.js:878:14)
      at Module.require (internal/modules/cjs/loader.js:1025:19)
      at require (internal/modules/cjs/helpers.js:72:18)
      at Object.<anonymous> (/home/nima/p/aliamiri/Mizaan/ledger_sync/node_modules/zeromq/index.js:2:18)
      at Module._compile (internal/modules/cjs/loader.js:1137:30)
      at Object.Module._extensions..js (internal/modules/cjs/loader.js:1157:10)
      at Module.load (internal/modules/cjs/loader.js:985:32)
      at Function.Module._load (internal/modules/cjs/loader.js:878:14) {
    code: 'MODULE_NOT_FOUND',
    requireStack: [
      '/home/nima/p/aliamiri/Mizaan/ledger_sync/node_modules/zeromq/lib/index.js',
      '/home/nima/p/aliamiri/Mizaan/ledger_sync/node_modules/zeromq/index.js',
      '/home/nima/p/aliamiri/Mizaan/ledger_sync/node_modules/sawtooth-sdk/messaging/stream.js',
      '/home/nima/p/aliamiri/Mizaan/ledger_sync/subscriber/index.js',
      '/home/nima/p/aliamiri/Mizaan/ledger_sync/index.js'
    ]
  },
  level: 'error',
  message: "uncaughtException: Cannot find module '../build/Release/zmq.node'\n" +
    'Require stack:\n' +
    '- /home/nima/p/aliamiri/Mizaan/ledger_sync/node_modules/zeromq/lib/index.js\n' +
    '- /home/nima/p/aliamiri/Mizaan/ledger_sync/node_modules/zeromq/index.js\n' +
    '- /home/nima/p/aliamiri/Mizaan/ledger_sync/node_modules/sawtooth-sdk/messaging/stream.js\n' +
    '- /home/nima/p/aliamiri/Mizaan/ledger_sync/subscriber/index.js\n' +
    '- /home/nima/p/aliamiri/Mizaan/ledger_sync/index.js\n' +
    "Error: Cannot find module '../build/Release/zmq.node'\n" +
    'Require stack:\n' +
    '- /home/nima/p/aliamiri/Mizaan/ledger_sync/node_modules/zeromq/lib/index.js\n' +
    '- /home/nima/p/aliamiri/Mizaan/ledger_sync/node_modules/zeromq/index.js\n' +
    '- /home/nima/p/aliamiri/Mizaan/ledger_sync/node_modules/sawtooth-sdk/messaging/stream.js\n' +
    '- /home/nima/p/aliamiri/Mizaan/ledger_sync/subscriber/index.js\n' +
    '- /home/nima/p/aliamiri/Mizaan/ledger_sync/index.js\n' +
    '    at Function.Module._resolveFilename (internal/modules/cjs/loader.js:965:15)\n' +
    '    at Function.Module._load (internal/modules/cjs/loader.js:841:27)\n' +
    '    at Module.require (internal/modules/cjs/loader.js:1025:19)\n' +
    '    at require (internal/modules/cjs/helpers.js:72:18)\n' +
    '    at Object.<anonymous> (/home/nima/p/aliamiri/Mizaan/ledger_sync/node_modules/zeromq/lib/index.js:6:11)\n' +
    '    at Module._compile (internal/modules/cjs/loader.js:1137:30)\n' +
    '    at Object.Module._extensions..js (internal/modules/cjs/loader.js:1157:10)\n' +
    '    at Module.load (internal/modules/cjs/loader.js:985:32)\n' +
    '    at Function.Module._load (internal/modules/cjs/loader.js:878:14)\n' +
    '    at Module.require (internal/modules/cjs/loader.js:1025:19)\n' +
    '    at require (internal/modules/cjs/helpers.js:72:18)\n' +
    '    at Object.<anonymous> (/home/nima/p/aliamiri/Mizaan/ledger_sync/node_modules/zeromq/index.js:2:18)\n' +
    '    at Module._compile (internal/modules/cjs/loader.js:1137:30)\n' +
    '    at Object.Module._extensions..js (internal/modules/cjs/loader.js:1157:10)\n' +
    '    at Module.load (internal/modules/cjs/loader.js:985:32)\n' +
    '    at Function.Module._load (internal/modules/cjs/loader.js:878:14)',
  stack: "Error: Cannot find module '../build/Release/zmq.node'\n" +
    'Require stack:\n' +
    '- /home/nima/p/aliamiri/Mizaan/ledger_sync/node_modules/zeromq/lib/index.js\n' +
    '- /home/nima/p/aliamiri/Mizaan/ledger_sync/node_modules/zeromq/index.js\n' +
    '- /home/nima/p/aliamiri/Mizaan/ledger_sync/node_modules/sawtooth-sdk/messaging/stream.js\n' +
    '- /home/nima/p/aliamiri/Mizaan/ledger_sync/subscriber/index.js\n' +
    '- /home/nima/p/aliamiri/Mizaan/ledger_sync/index.js\n' +
    '    at Function.Module._resolveFilename (internal/modules/cjs/loader.js:965:15)\n' +
    '    at Function.Module._load (internal/modules/cjs/loader.js:841:27)\n' +
    '    at Module.require (internal/modules/cjs/loader.js:1025:19)\n' +
    '    at require (internal/modules/cjs/helpers.js:72:18)\n' +
    '    at Object.<anonymous> (/home/nima/p/aliamiri/Mizaan/ledger_sync/node_modules/zeromq/lib/index.js:6:11)\n' +
    '    at Module._compile (internal/modules/cjs/loader.js:1137:30)\n' +
    '    at Object.Module._extensions..js (internal/modules/cjs/loader.js:1157:10)\n' +
    '    at Module.load (internal/modules/cjs/loader.js:985:32)\n' +
    '    at Function.Module._load (internal/modules/cjs/loader.js:878:14)\n' +
    '    at Module.require (internal/modules/cjs/loader.js:1025:19)\n' +
    '    at require (internal/modules/cjs/helpers.js:72:18)\n' +
    '    at Object.<anonymous> (/home/nima/p/aliamiri/Mizaan/ledger_sync/node_modules/zeromq/index.js:2:18)\n' +
    '    at Module._compile (internal/modules/cjs/loader.js:1137:30)\n' +
    '    at Object.Module._extensions..js (internal/modules/cjs/loader.js:1157:10)\n' +
    '    at Module.load (internal/modules/cjs/loader.js:985:32)\n' +
    '    at Function.Module._load (internal/modules/cjs/loader.js:878:14)',
  exception: true,
  date: 'Sat Aug 01 2020 01:03:11 GMT+0430 (Iran Daylight Time)',
  process: {
    pid: 23408,
    uid: 1000,
    gid: 1000,
    cwd: '/home/nima/p/aliamiri/Mizaan/ledger_sync',
    execPath: '/home/nima/.nvm/versions/node/v12.18.3/bin/node',
    version: 'v12.18.3',
    argv: [
      '/home/nima/.nvm/versions/node/v12.18.3/bin/node',
      '/home/nima/p/aliamiri/Mizaan/ledger_sync/index.js'
    ],
    memoryUsage: {
      rss: 48136192,
      heapTotal: 17711104,
      heapUsed: 10518552,
      external: 1193285,
      arrayBuffers: 40201
    }
  },
  os: {
    loadavg: [ 2.54638671875, 2.60498046875, 2.216796875 ],
    uptime: 3331
  },
  trace: [
    {
      column: 15,
      file: 'internal/modules/cjs/loader.js',
      function: 'Module._resolveFilename',
      line: 965,
      method: '_resolveFilename',
      native: false
    },
    {
      column: 27,
      file: 'internal/modules/cjs/loader.js',
      function: 'Module._load',
      line: 841,
      method: '_load',
      native: false
    },
    {
      column: 19,
      file: 'internal/modules/cjs/loader.js',
      function: 'Module.require',
      line: 1025,
      method: 'require',
      native: false
    },
    {
      column: 18,
      file: 'internal/modules/cjs/helpers.js',
      function: 'require',
      line: 72,
      method: null,
      native: false
    },
    {
      column: 11,
      file: '/home/nima/p/aliamiri/Mizaan/ledger_sync/node_modules/zeromq/lib/index.js',
      function: null,
      line: 6,
      method: null,
      native: false
    },
    {
      column: 30,
      file: 'internal/modules/cjs/loader.js',
      function: 'Module._compile',
      line: 1137,
      method: '_compile',
      native: false
    },
    {
      column: 10,
      file: 'internal/modules/cjs/loader.js',
      function: 'Module._extensions..js',
      line: 1157,
      method: '.js',
      native: false
    },
    {
      column: 32,
      file: 'internal/modules/cjs/loader.js',
      function: 'Module.load',
      line: 985,
      method: 'load',
      native: false
    },
    {
      column: 14,
      file: 'internal/modules/cjs/loader.js',
      function: 'Module._load',
      line: 878,
      method: '_load',
      native: false
    },
    {
      column: 19,
      file: 'internal/modules/cjs/loader.js',
      function: 'Module.require',
      line: 1025,
      method: 'require',
      native: false
    },
    {
      column: 18,
      file: 'internal/modules/cjs/helpers.js',
      function: 'require',
      line: 72,
      method: null,
      native: false
    },
    {
      column: 18,
      file: '/home/nima/p/aliamiri/Mizaan/ledger_sync/node_modules/zeromq/index.js',
      function: null,
      line: 2,
      method: null,
      native: false
    },
    {
      column: 30,
      file: 'internal/modules/cjs/loader.js',
      function: 'Module._compile',
      line: 1137,
      method: '_compile',
      native: false
    },
    {
      column: 10,
      file: 'internal/modules/cjs/loader.js',
      function: 'Module._extensions..js',
      line: 1157,
      method: '.js',
      native: false
    },
    {
      column: 32,
      file: 'internal/modules/cjs/loader.js',
      function: 'Module.load',
      line: 985,
      method: 'load',
      native: false
    },
    {
      column: 14,
      file: 'internal/modules/cjs/loader.js',
      function: 'Module._load',
      line: 878,
      method: '_load',
      native: false
    }
  ],
  service: 'user-service',
  timestamp: '2020-07-31T20:33:11.950Z'
}
