{
  message: 'AAAAAA',
  level: 'error',
  timestamp: '2020-07-31T17:08:00.721Z'
}
{
  message: 'AAAAAA',
  level: 'error',
  timestamp: '2020-07-31T17:08:25.419Z'
}
{
  message: 'AAAAAA',
  level: 'error',
  timestamp: '2020-07-31T17:08:49.080Z'
}
{
  message: 'Unauthorized cookie',
  level: 'error',
  timestamp: '2020-07-31T20:36:36.837Z'
}
{
  message: 'Unauthorized cookie',
  level: 'error',
  timestamp: '2020-07-31T20:37:49.913Z'
}
{
  message: 'Unauthorized cookie',
  level: 'error',
  timestamp: '2020-07-31T20:37:58.779Z'
}
{
  message: 'Unauthorized cookie',
  level: 'error',
  timestamp: '2020-07-31T20:37:58.864Z'
}
{
  message: 'Unauthorized cookie',
  level: 'error',
  timestamp: '2020-07-31T20:38:28.674Z'
}
{
  message: 'Unauthorized cookie',
  level: 'error',
  timestamp: '2020-07-31T20:38:38.774Z'
}
{
  message: 'Unauthorized cookie',
  level: 'error',
  timestamp: '2020-07-31T20:38:38.842Z'
}
{
  message: 'Unauthorized cookie',
  level: 'error',
  timestamp: '2020-07-31T20:39:07.931Z'
}
{
  message: 'Unauthorized cookie',
  level: 'error',
  timestamp: '2020-07-31T20:39:11.762Z'
}
{
  message: 'Unauthorized cookie',
  level: 'error',
  timestamp: '2020-07-31T20:39:15.591Z'
}
{
  message: 'Unauthorized cookie',
  level: 'error',
  timestamp: '2020-07-31T20:39:15.640Z'
}
{
  message: "Batch c7ae54615a18469f412086e747db757d8b5f93d23c941bab43f2ce60807d87cf60e15ad5153f8f79757b7979abffc8343587ec79d3d3a27ee6e93d1a1c7aae09 is INVALID, with message: getAccount in blockchain is not responding!: loadMessage has some problems: Error: getState in blockchain is not responding!: Error: ../protos/account.proto is not loading!: TypeError: Cannot read property 'decode' of null",
  level: 'error',
  timestamp: '2020-07-31T20:40:32.222Z'
}
{
  message: "Batch f955846f64646f0fe1e5e668601969e95a6c3cf20122a857f32b0eb6fb0ab55f10ae67e0b11befe85152bf00ca6a3a4e15413d4e67eaad627fa61570ed6dedae is INVALID, with message: getAccount in blockchain is not responding!: loadMessage has some problems: Error: getState in blockchain is not responding!: Error: ../protos/account.proto is not loading!: TypeError: Cannot read property 'decode' of null",
  level: 'error',
  timestamp: '2020-07-31T20:40:40.524Z'
}
{
  message: "Batch 87591f060edd9263d66c25947ce1811de2463d96831de801e6f7a3448acc0c334bdadc3d83db4e4e0c2f2d67db9eb03f92b59fe8c2fc267811d1c2c9121ec08b is INVALID, with message: getAccount in blockchain is not responding!: loadMessage has some problems: Error: getState in blockchain is not responding!: Error: ../protos/account.proto is not loading!: TypeError: Cannot read property 'decode' of null",
  level: 'error',
  timestamp: '2020-07-31T20:42:54.484Z'
}
{
  message: "Batch 6b93a687351de377276dfa2ad024c8b2eb799501e19044625b2e0f2ac11ef7dc6ac995ecc61eee088a06535e38ce7a44a90c8ea9ca8cf7b07adaa728bb8824e9 is INVALID, with message: getAccount in blockchain is not responding!: loadMessage has some problems: Error: getState in blockchain is not responding!: Error: ../protos/account.proto is not loading!: TypeError: Cannot read property 'decode' of null",
  level: 'error',
  timestamp: '2020-07-31T20:45:44.814Z'
}
